Build started 1/6/2016 12:33:55 AM.
     1>Project "C:\Users\WeDevGames\Desktop\Test Files\vcproj-10\plugin-sample.vcxproj" on node 4 (rebuild target(s)).
     1>_PrepareForClean:
         Deleting file "plugin-sample\Debug\plugin-sample.lastbuildstate".
       InitializeBuildStatus:
         Creating "plugin-sample\Debug\plugin-sample.unsuccessfulbuild" because "AlwaysCreate" was specified.
       ClCompile:
         C:\Program Files (x86)\Microsoft Visual Studio 10.0\VC\bin\CL.exe /c /I..\src /I..\3rdparty /I..\3rdparty\msinttypes\include /Zi /nologo /W3 /WX- /MP /Od /Oy- /D _DEBUG /D WIN32 /D _WINDOWS /D _USRDLL /D PCRE_SUPPORT /D _WINDLL /D _MBCS /Gm- /EHsc /RTC1 /MTd /GS /Gy /fp:precise /Zc:wchar_t /Zc:forScope /Fo"plugin-sample\Debug\\" /Fd"plugin-sample\Debug\vc100.pdb" /Gd /TC /wd4996 /analyze- /errorReport:prompt ..\src\plugins\sample.c /MP 
         sample.c
       Link:
         C:\Program Files (x86)\Microsoft Visual Studio 10.0\VC\bin\link.exe /ERRORREPORT:PROMPT /OUT:"..\plugins\sample.dll" /INCREMENTAL:NO /NOLOGO kernel32.lib user32.lib gdi32.lib winspool.lib comdlg32.lib advapi32.lib shell32.lib ole32.lib oleaut32.lib uuid.lib odbc32.lib odbccp32.lib /MANIFEST /ManifestFile:"plugin-sample\Debug\sample.dll.intermediate.manifest" /MANIFESTUAC:"level='asInvoker' uiAccess='false'" /DEBUG /PDB:"plugin-sample\Debug\sample.pdb" /TLBID:1 /DYNAMICBASE:NO /NXCOMPAT /IMPLIB:"plugin-sample\Debug\sample.lib" /MACHINE:X86 /DLL "plugin-sample\Debug\sample.obj"
            Creating library plugin-sample\Debug\sample.lib and object plugin-sample\Debug\sample.exp
         plugin-sample.vcxproj -> C:\Users\WeDevGames\Desktop\Test Files\vcproj-10\..\plugins\sample.dll
       Manifest:
         C:\Program Files (x86)\Microsoft SDKs\Windows\v7.0A\bin\mt.exe /nologo /verbose /outputresource:"..\plugins\sample.dll;#2" /manifest "plugin-sample\Debug\sample.dll.intermediate.manifest"
       CopyFilesToOutputDirectory:
         Copying file from "plugin-sample\Debug\sample.pdb" to "..\plugins\sample.pdb".
       FinalizeBuildStatus:
         Deleting file "plugin-sample\Debug\plugin-sample.unsuccessfulbuild".
         Touching "plugin-sample\Debug\plugin-sample.lastbuildstate".
     1>Done Building Project "C:\Users\WeDevGames\Desktop\Test Files\vcproj-10\plugin-sample.vcxproj" (rebuild target(s)).

Build succeeded.

Time Elapsed 00:00:08.00
