Build started 1/27/2016 8:54:25 PM.
     1>Project "D:\Prestige Reborn Files\Server Files\raWmod\vcproj-10\char-server.vcxproj" on node 5 (rebuild target(s)).
     1>InitializeBuildStatus:
         Creating "char-server\Debug\char-server.unsuccessfulbuild" because "AlwaysCreate" was specified.
       ClCompile:
         C:\Program Files (x86)\Microsoft Visual Studio 10.0\VC\bin\CL.exe /c /I..\src /I..\3rdparty /I..\3rdparty\mysql\include /I..\3rdparty\msinttypes\include /ZI /nologo /W3 /WX- /MP /Od /Oy- /D WIN32 /D _WIN32 /D __WIN32 /D _DEBUG /D PCRE_SUPPORT /D _CRT_SECURE_NO_DEPRECATE /D _CRT_NONSTDC_NO_DEPRECATE /D FD_SETSIZE=4096 /D LIBCONFIG_STATIC /D YY_USE_CONST /D _VC80_UPGRADE=0x0710 /D _MBCS /Gm- /RTC1 /MTd /GS /Gy /fp:precise /Zc:wchar_t /Zc:forScope /Fo"char-server\Debug\\" /Fd"char-server\Debug\vc100.pdb" /Gd /TC /wd4800 /analyze- /errorReport:prompt ..\3rdparty\libconfig\grammar.c ..\3rdparty\libconfig\libconfig.c ..\3rdparty\libconfig\scanctx.c ..\3rdparty\libconfig\scanner.c ..\3rdparty\libconfig\strbuf.c ..\3rdparty\mt19937ar\mt19937ar.c ..\src\common\conf.c ..\src\common\core.c ..\src\common\console.c ..\src\common\db.c ..\src\common\des.c ..\src\common\ers.c ..\src\common\HPM.c ..\src\common\memmgr.c ..\src\common\mapindex.c ..\src\common\mutex.c ..\src\common\nullpo.c ..\src\common\random.c ..\src\common\showmsg.c ..\src\common\socket.c ..\src\common\sql.c ..\src\common\strlib.c ..\src\common\sysinfo.c ..\src\common\thread.c ..\src\common\timer.c ..\src\common\utils.c ..\src\char\HPMchar.c ..\src\char\char.c ..\src\char\geoip.c ..\src\char\int_auction.c ..\src\char\int_elemental.c ..\src\char\int_guild.c ..\src\char\int_homun.c ..\src\char\int_mail.c ..\src\char\int_mercenary.c ..\src\char\int_party.c ..\src\char\int_pet.c ..\src\char\int_quest.c ..\src\char\int_storage.c ..\src\char\inter.c ..\src\char\loginif.c ..\src\char\mapif.c ..\src\char\pincode.c
         grammar.c
         libconfig.c
         scanctx.c
         scanner.c
         strbuf.c
         mt19937ar.c
         conf.c
         core.c
         console.c
         db.c
         des.c
         ers.c
         HPM.c
         memmgr.c
         mapindex.c
         mutex.c
         nullpo.c
         random.c
         showmsg.c
         socket.c
         sql.c
         strlib.c
         sysinfo.c
         thread.c
         timer.c
         utils.c
         HPMchar.c
         char.c
         geoip.c
         int_auction.c
         int_elemental.c
         int_guild.c
         int_homun.c
         int_mail.c
         int_mercenary.c
         int_party.c
         int_pet.c
         int_quest.c
         int_storage.c
         inter.c
         loginif.c
         mapif.c
         pincode.c
       ManifestResourceCompile:
         C:\Program Files (x86)\Microsoft SDKs\Windows\v7.0A\bin\rc.exe /nologo /fo"char-server\Debug\char-server.exe.embed.manifest.res" char-server\Debug\char-server_manifest.rc 
       Link:
         C:\Program Files (x86)\Microsoft Visual Studio 10.0\VC\bin\link.exe /ERRORREPORT:PROMPT /OUT:"..\char-server.exe" /INCREMENTAL /NOLOGO /LIBPATH:..\3rdparty\mysql\lib libcmtd.lib oldnames.lib ws2_32.lib libmysql.lib kernel32.lib user32.lib gdi32.lib winspool.lib comdlg32.lib advapi32.lib shell32.lib ole32.lib oleaut32.lib uuid.lib odbc32.lib odbccp32.lib /NODEFAULTLIB /MANIFEST /ManifestFile:"char-server\Debug\char-server.exe.intermediate.manifest" /MANIFESTUAC:"level='asInvoker' uiAccess='false'" /DEBUG /PDB:"..\char-server.pdb" /SUBSYSTEM:CONSOLE /TLBID:1 /DYNAMICBASE:NO /IMPLIB:"..\char-server.lib" /MACHINE:X86 "char-server\Debug\char-server.exe.embed.manifest.res"
         "char-server\Debug\grammar.obj"
         "char-server\Debug\libconfig.obj"
         "char-server\Debug\scanctx.obj"
         "char-server\Debug\scanner.obj"
         "char-server\Debug\strbuf.obj"
         "char-server\Debug\mt19937ar.obj"
         "char-server\Debug\conf.obj"
         "char-server\Debug\core.obj"
         "char-server\Debug\console.obj"
         "char-server\Debug\db.obj"
         "char-server\Debug\des.obj"
         "char-server\Debug\ers.obj"
         "char-server\Debug\HPM.obj"
         "char-server\Debug\memmgr.obj"
         "char-server\Debug\mapindex.obj"
         "char-server\Debug\mutex.obj"
         "char-server\Debug\nullpo.obj"
         "char-server\Debug\random.obj"
         "char-server\Debug\showmsg.obj"
         "char-server\Debug\socket.obj"
         "char-server\Debug\sql.obj"
         "char-server\Debug\strlib.obj"
         "char-server\Debug\sysinfo.obj"
         "char-server\Debug\thread.obj"
         "char-server\Debug\timer.obj"
         "char-server\Debug\utils.obj"
         "char-server\Debug\HPMchar.obj"
         "char-server\Debug\char.obj"
         "char-server\Debug\geoip.obj"
         "char-server\Debug\int_auction.obj"
         "char-server\Debug\int_elemental.obj"
         "char-server\Debug\int_guild.obj"
         "char-server\Debug\int_homun.obj"
         "char-server\Debug\int_mail.obj"
         "char-server\Debug\int_mercenary.obj"
         "char-server\Debug\int_party.obj"
         "char-server\Debug\int_pet.obj"
         "char-server\Debug\int_quest.obj"
         "char-server\Debug\int_storage.obj"
         "char-server\Debug\inter.obj"
         "char-server\Debug\loginif.obj"
         "char-server\Debug\mapif.obj"
         "char-server\Debug\pincode.obj"
            Creating library ..\char-server.lib and object ..\char-server.exp
       Manifest:
         Deleting file "char-server\Debug\char-server.exe.embed.manifest".
         C:\Program Files (x86)\Microsoft SDKs\Windows\v7.0A\bin\mt.exe /nologo /verbose /out:"char-server\Debug\char-server.exe.embed.manifest" /manifest "char-server\Debug\char-server.exe.intermediate.manifest"
         C:\Program Files (x86)\Microsoft SDKs\Windows\v7.0A\bin\rc.exe /nologo /fo"char-server\Debug\char-server.exe.embed.manifest.res" char-server\Debug\char-server_manifest.rc 
       LinkEmbedManifest:
         C:\Program Files (x86)\Microsoft Visual Studio 10.0\VC\bin\link.exe /ERRORREPORT:PROMPT /OUT:"..\char-server.exe" /INCREMENTAL /NOLOGO /LIBPATH:..\3rdparty\mysql\lib libcmtd.lib oldnames.lib ws2_32.lib libmysql.lib kernel32.lib user32.lib gdi32.lib winspool.lib comdlg32.lib advapi32.lib shell32.lib ole32.lib oleaut32.lib uuid.lib odbc32.lib odbccp32.lib /NODEFAULTLIB /MANIFEST /ManifestFile:"char-server\Debug\char-server.exe.intermediate.manifest" /MANIFESTUAC:"level='asInvoker' uiAccess='false'" /DEBUG /PDB:"..\char-server.pdb" /SUBSYSTEM:CONSOLE /TLBID:1 /DYNAMICBASE:NO /IMPLIB:"..\char-server.lib" /MACHINE:X86 "char-server\Debug\char-server.exe.embed.manifest.res"
         "char-server\Debug\grammar.obj"
         "char-server\Debug\libconfig.obj"
         "char-server\Debug\scanctx.obj"
         "char-server\Debug\scanner.obj"
         "char-server\Debug\strbuf.obj"
         "char-server\Debug\mt19937ar.obj"
         "char-server\Debug\conf.obj"
         "char-server\Debug\core.obj"
         "char-server\Debug\console.obj"
         "char-server\Debug\db.obj"
         "char-server\Debug\des.obj"
         "char-server\Debug\ers.obj"
         "char-server\Debug\HPM.obj"
         "char-server\Debug\memmgr.obj"
         "char-server\Debug\mapindex.obj"
         "char-server\Debug\mutex.obj"
         "char-server\Debug\nullpo.obj"
         "char-server\Debug\random.obj"
         "char-server\Debug\showmsg.obj"
         "char-server\Debug\socket.obj"
         "char-server\Debug\sql.obj"
         "char-server\Debug\strlib.obj"
         "char-server\Debug\sysinfo.obj"
         "char-server\Debug\thread.obj"
         "char-server\Debug\timer.obj"
         "char-server\Debug\utils.obj"
         "char-server\Debug\HPMchar.obj"
         "char-server\Debug\char.obj"
         "char-server\Debug\geoip.obj"
         "char-server\Debug\int_auction.obj"
         "char-server\Debug\int_elemental.obj"
         "char-server\Debug\int_guild.obj"
         "char-server\Debug\int_homun.obj"
         "char-server\Debug\int_mail.obj"
         "char-server\Debug\int_mercenary.obj"
         "char-server\Debug\int_party.obj"
         "char-server\Debug\int_pet.obj"
         "char-server\Debug\int_quest.obj"
         "char-server\Debug\int_storage.obj"
         "char-server\Debug\inter.obj"
         "char-server\Debug\loginif.obj"
         "char-server\Debug\mapif.obj"
         "char-server\Debug\pincode.obj"
            Creating library ..\char-server.lib and object ..\char-server.exp
         char-server.vcxproj -> D:\Prestige Reborn Files\Server Files\raWmod\vcproj-10\..\char-server.exe
       FinalizeBuildStatus:
         Deleting file "char-server\Debug\char-server.unsuccessfulbuild".
         Touching "char-server\Debug\char-server.lastbuildstate".
     1>Done Building Project "D:\Prestige Reborn Files\Server Files\raWmod\vcproj-10\char-server.vcxproj" (rebuild target(s)).

Build succeeded.

Time Elapsed 00:00:04.88
