..\char-server.ilk
..\char-server.pdb
D:\Prestige Reborn Files\Server Files\raWmod\char-server.exp
D:\Prestige Reborn Files\Server Files\raWmod\char-server.lib
D:\Prestige Reborn Files\Server Files\raWmod\vcproj-10\..\char-server.exe
D:\Prestige Reborn Files\Server Files\raWmod\vcproj-10\char-server\Debug\char.obj
D:\PRESTIGE REBORN FILES\SERVER FILES\RAWMOD\VCPROJ-10\CHAR-SERVER\DEBUG\CHAR-SERVER.EXE.EMBED.MANIFEST
D:\PRESTIGE REBORN FILES\SERVER FILES\RAWMOD\VCPROJ-10\CHAR-SERVER\DEBUG\CHAR-SERVER.EXE.EMBED.MANIFEST.RES
D:\Prestige Reborn Files\Server Files\raWmod\vcproj-10\char-server\Debug\char-server.exe.intermediate.manifest
D:\Prestige Reborn Files\Server Files\raWmod\vcproj-10\char-server\Debug\char-server.vcxprojResolveAssemblyReference.cache
D:\Prestige Reborn Files\Server Files\raWmod\vcproj-10\char-server\Debug\char-server.write.1.tlog
D:\Prestige Reborn Files\Server Files\raWmod\vcproj-10\char-server\Debug\char-server_manifest.rc
D:\Prestige Reborn Files\Server Files\raWmod\vcproj-10\char-server\Debug\CL.10440.read.1.tlog
D:\Prestige Reborn Files\Server Files\raWmod\vcproj-10\char-server\Debug\CL.10440.write.1.tlog
D:\Prestige Reborn Files\Server Files\raWmod\vcproj-10\char-server\Debug\CL.10624.read.1.tlog
D:\Prestige Reborn Files\Server Files\raWmod\vcproj-10\char-server\Debug\CL.10624.write.1.tlog
D:\Prestige Reborn Files\Server Files\raWmod\vcproj-10\char-server\Debug\CL.10756.read.1.tlog
D:\Prestige Reborn Files\Server Files\raWmod\vcproj-10\char-server\Debug\CL.10756.write.1.tlog
D:\Prestige Reborn Files\Server Files\raWmod\vcproj-10\char-server\Debug\CL.13340.read.1.tlog
D:\Prestige Reborn Files\Server Files\raWmod\vcproj-10\char-server\Debug\CL.13340.write.1.tlog
D:\Prestige Reborn Files\Server Files\raWmod\vcproj-10\char-server\Debug\CL.13556.read.1.tlog
D:\Prestige Reborn Files\Server Files\raWmod\vcproj-10\char-server\Debug\CL.13556.write.1.tlog
D:\Prestige Reborn Files\Server Files\raWmod\vcproj-10\char-server\Debug\CL.13764.read.1.tlog
D:\Prestige Reborn Files\Server Files\raWmod\vcproj-10\char-server\Debug\CL.13764.write.1.tlog
D:\Prestige Reborn Files\Server Files\raWmod\vcproj-10\char-server\Debug\CL.14296.read.1.tlog
D:\Prestige Reborn Files\Server Files\raWmod\vcproj-10\char-server\Debug\CL.14296.write.1.tlog
D:\Prestige Reborn Files\Server Files\raWmod\vcproj-10\char-server\Debug\CL.8704.read.1.tlog
D:\Prestige Reborn Files\Server Files\raWmod\vcproj-10\char-server\Debug\CL.8704.write.1.tlog
D:\Prestige Reborn Files\Server Files\raWmod\vcproj-10\char-server\Debug\cl.command.1.tlog
D:\Prestige Reborn Files\Server Files\raWmod\vcproj-10\char-server\Debug\CL.read.1.tlog
D:\Prestige Reborn Files\Server Files\raWmod\vcproj-10\char-server\Debug\cl.write.1.tlog
D:\Prestige Reborn Files\Server Files\raWmod\vcproj-10\char-server\Debug\conf.obj
D:\Prestige Reborn Files\Server Files\raWmod\vcproj-10\char-server\Debug\console.obj
D:\Prestige Reborn Files\Server Files\raWmod\vcproj-10\char-server\Debug\core.obj
D:\Prestige Reborn Files\Server Files\raWmod\vcproj-10\char-server\Debug\db.obj
D:\Prestige Reborn Files\Server Files\raWmod\vcproj-10\char-server\Debug\des.obj
D:\Prestige Reborn Files\Server Files\raWmod\vcproj-10\char-server\Debug\ers.obj
D:\Prestige Reborn Files\Server Files\raWmod\vcproj-10\char-server\Debug\geoip.obj
D:\Prestige Reborn Files\Server Files\raWmod\vcproj-10\char-server\Debug\grammar.obj
D:\Prestige Reborn Files\Server Files\raWmod\vcproj-10\char-server\Debug\HPM.obj
D:\Prestige Reborn Files\Server Files\raWmod\vcproj-10\char-server\Debug\HPMchar.obj
D:\Prestige Reborn Files\Server Files\raWmod\vcproj-10\char-server\Debug\int_auction.obj
D:\Prestige Reborn Files\Server Files\raWmod\vcproj-10\char-server\Debug\int_elemental.obj
D:\Prestige Reborn Files\Server Files\raWmod\vcproj-10\char-server\Debug\int_guild.obj
D:\Prestige Reborn Files\Server Files\raWmod\vcproj-10\char-server\Debug\int_homun.obj
D:\Prestige Reborn Files\Server Files\raWmod\vcproj-10\char-server\Debug\int_mail.obj
D:\Prestige Reborn Files\Server Files\raWmod\vcproj-10\char-server\Debug\int_mercenary.obj
D:\Prestige Reborn Files\Server Files\raWmod\vcproj-10\char-server\Debug\int_party.obj
D:\Prestige Reborn Files\Server Files\raWmod\vcproj-10\char-server\Debug\int_pet.obj
D:\Prestige Reborn Files\Server Files\raWmod\vcproj-10\char-server\Debug\int_quest.obj
D:\Prestige Reborn Files\Server Files\raWmod\vcproj-10\char-server\Debug\int_storage.obj
D:\Prestige Reborn Files\Server Files\raWmod\vcproj-10\char-server\Debug\inter.obj
D:\Prestige Reborn Files\Server Files\raWmod\vcproj-10\char-server\Debug\libconfig.obj
D:\Prestige Reborn Files\Server Files\raWmod\vcproj-10\char-server\Debug\link.command.1.tlog
D:\Prestige Reborn Files\Server Files\raWmod\vcproj-10\char-server\Debug\link.read.1.tlog
D:\Prestige Reborn Files\Server Files\raWmod\vcproj-10\char-server\Debug\link.write.1.tlog
D:\Prestige Reborn Files\Server Files\raWmod\vcproj-10\char-server\Debug\link-cvtres.read.1.tlog
D:\Prestige Reborn Files\Server Files\raWmod\vcproj-10\char-server\Debug\link-cvtres.write.1.tlog
D:\Prestige Reborn Files\Server Files\raWmod\vcproj-10\char-server\Debug\loginif.obj
D:\Prestige Reborn Files\Server Files\raWmod\vcproj-10\char-server\Debug\mapif.obj
D:\Prestige Reborn Files\Server Files\raWmod\vcproj-10\char-server\Debug\mapindex.obj
D:\Prestige Reborn Files\Server Files\raWmod\vcproj-10\char-server\Debug\memmgr.obj
D:\Prestige Reborn Files\Server Files\raWmod\vcproj-10\char-server\Debug\mt.command.1.tlog
D:\Prestige Reborn Files\Server Files\raWmod\vcproj-10\char-server\Debug\mt.read.1.tlog
D:\Prestige Reborn Files\Server Files\raWmod\vcproj-10\char-server\Debug\mt.write.1.tlog
D:\Prestige Reborn Files\Server Files\raWmod\vcproj-10\char-server\Debug\mt19937ar.obj
D:\Prestige Reborn Files\Server Files\raWmod\vcproj-10\char-server\Debug\mutex.obj
D:\Prestige Reborn Files\Server Files\raWmod\vcproj-10\char-server\Debug\nullpo.obj
D:\Prestige Reborn Files\Server Files\raWmod\vcproj-10\char-server\Debug\pincode.obj
D:\Prestige Reborn Files\Server Files\raWmod\vcproj-10\char-server\Debug\random.obj
D:\Prestige Reborn Files\Server Files\raWmod\vcproj-10\char-server\Debug\rc.command.1.tlog
D:\Prestige Reborn Files\Server Files\raWmod\vcproj-10\char-server\Debug\rc.read.1.tlog
D:\Prestige Reborn Files\Server Files\raWmod\vcproj-10\char-server\Debug\rc.write.1.tlog
D:\Prestige Reborn Files\Server Files\raWmod\vcproj-10\char-server\Debug\scanctx.obj
D:\Prestige Reborn Files\Server Files\raWmod\vcproj-10\char-server\Debug\scanner.obj
D:\Prestige Reborn Files\Server Files\raWmod\vcproj-10\char-server\Debug\showmsg.obj
D:\Prestige Reborn Files\Server Files\raWmod\vcproj-10\char-server\Debug\socket.obj
D:\Prestige Reborn Files\Server Files\raWmod\vcproj-10\char-server\Debug\sql.obj
D:\Prestige Reborn Files\Server Files\raWmod\vcproj-10\char-server\Debug\strbuf.obj
D:\Prestige Reborn Files\Server Files\raWmod\vcproj-10\char-server\Debug\strlib.obj
D:\Prestige Reborn Files\Server Files\raWmod\vcproj-10\char-server\Debug\sysinfo.obj
D:\Prestige Reborn Files\Server Files\raWmod\vcproj-10\char-server\Debug\thread.obj
D:\Prestige Reborn Files\Server Files\raWmod\vcproj-10\char-server\Debug\timer.obj
D:\Prestige Reborn Files\Server Files\raWmod\vcproj-10\char-server\Debug\utils.obj
D:\Prestige Reborn Files\Server Files\raWmod\vcproj-10\char-server\Debug\vc100.idb
D:\PRESTIGE REBORN FILES\SERVER FILES\RAWMOD\VCPROJ-10\CHAR-SERVER\DEBUG\VC100.PDB
