..\mapcache.ilk
..\mapcache.pdb
D:\PRESTIGE REBORN FILES\SERVER FILES\RAWMOD\MAPCACHE.EXE
D:\PRESTIGE REBORN FILES\SERVER FILES\RAWMOD\MAPCACHE.ILK
D:\PRESTIGE REBORN FILES\SERVER FILES\RAWMOD\MAPCACHE.PDB
D:\Prestige Reborn Files\Server Files\raWmod\vcproj-10\..\mapcache.exe
D:\Prestige Reborn Files\Server Files\raWmod\vcproj-10\mapcache\Debug\CL.2320.read.1.tlog
D:\Prestige Reborn Files\Server Files\raWmod\vcproj-10\mapcache\Debug\CL.2320.write.1.tlog
D:\Prestige Reborn Files\Server Files\raWmod\vcproj-10\mapcache\Debug\CL.3444.read.1.tlog
D:\Prestige Reborn Files\Server Files\raWmod\vcproj-10\mapcache\Debug\CL.3444.write.1.tlog
D:\Prestige Reborn Files\Server Files\raWmod\vcproj-10\mapcache\Debug\CL.5524.read.1.tlog
D:\Prestige Reborn Files\Server Files\raWmod\vcproj-10\mapcache\Debug\CL.5524.write.1.tlog
D:\Prestige Reborn Files\Server Files\raWmod\vcproj-10\mapcache\Debug\CL.6252.read.1.tlog
D:\Prestige Reborn Files\Server Files\raWmod\vcproj-10\mapcache\Debug\CL.6252.write.1.tlog
D:\Prestige Reborn Files\Server Files\raWmod\vcproj-10\mapcache\Debug\CL.6328.read.1.tlog
D:\Prestige Reborn Files\Server Files\raWmod\vcproj-10\mapcache\Debug\CL.6328.write.1.tlog
D:\Prestige Reborn Files\Server Files\raWmod\vcproj-10\mapcache\Debug\CL.7272.read.1.tlog
D:\Prestige Reborn Files\Server Files\raWmod\vcproj-10\mapcache\Debug\CL.7272.write.1.tlog
D:\Prestige Reborn Files\Server Files\raWmod\vcproj-10\mapcache\Debug\CL.7612.read.1.tlog
D:\Prestige Reborn Files\Server Files\raWmod\vcproj-10\mapcache\Debug\CL.7612.write.1.tlog
D:\Prestige Reborn Files\Server Files\raWmod\vcproj-10\mapcache\Debug\CL.9088.read.1.tlog
D:\Prestige Reborn Files\Server Files\raWmod\vcproj-10\mapcache\Debug\CL.9088.write.1.tlog
D:\Prestige Reborn Files\Server Files\raWmod\vcproj-10\mapcache\Debug\cl.command.1.tlog
D:\Prestige Reborn Files\Server Files\raWmod\vcproj-10\mapcache\Debug\CL.read.1.tlog
D:\Prestige Reborn Files\Server Files\raWmod\vcproj-10\mapcache\Debug\cl.write.1.tlog
D:\Prestige Reborn Files\Server Files\raWmod\vcproj-10\mapcache\Debug\console.obj
D:\Prestige Reborn Files\Server Files\raWmod\vcproj-10\mapcache\Debug\core.obj
D:\Prestige Reborn Files\Server Files\raWmod\vcproj-10\mapcache\Debug\des.obj
D:\Prestige Reborn Files\Server Files\raWmod\vcproj-10\mapcache\Debug\grfio.obj
D:\Prestige Reborn Files\Server Files\raWmod\vcproj-10\mapcache\Debug\link.4952.read.1.tlog
D:\Prestige Reborn Files\Server Files\raWmod\vcproj-10\mapcache\Debug\link.4952.write.1.tlog
D:\Prestige Reborn Files\Server Files\raWmod\vcproj-10\mapcache\Debug\link.4952-cvtres.read.1.tlog
D:\Prestige Reborn Files\Server Files\raWmod\vcproj-10\mapcache\Debug\link.4952-cvtres.write.1.tlog
D:\Prestige Reborn Files\Server Files\raWmod\vcproj-10\mapcache\Debug\link.command.1.tlog
D:\Prestige Reborn Files\Server Files\raWmod\vcproj-10\mapcache\Debug\link.read.1.tlog
D:\Prestige Reborn Files\Server Files\raWmod\vcproj-10\mapcache\Debug\link.write.1.tlog
D:\Prestige Reborn Files\Server Files\raWmod\vcproj-10\mapcache\Debug\link-cvtres.read.1.tlog
D:\Prestige Reborn Files\Server Files\raWmod\vcproj-10\mapcache\Debug\link-cvtres.write.1.tlog
D:\PRESTIGE REBORN FILES\SERVER FILES\RAWMOD\VCPROJ-10\MAPCACHE\DEBUG\MAPCACHE.EXE.EMBED.MANIFEST
D:\PRESTIGE REBORN FILES\SERVER FILES\RAWMOD\VCPROJ-10\MAPCACHE\DEBUG\MAPCACHE.EXE.EMBED.MANIFEST.RES
D:\PRESTIGE REBORN FILES\SERVER FILES\RAWMOD\VCPROJ-10\MAPCACHE\DEBUG\MAPCACHE.EXE.INTERMEDIATE.MANIFEST
D:\Prestige Reborn Files\Server Files\raWmod\vcproj-10\mapcache\Debug\mapcache.obj
D:\Prestige Reborn Files\Server Files\raWmod\vcproj-10\mapcache\Debug\mapcache.write.1.tlog
D:\Prestige Reborn Files\Server Files\raWmod\vcproj-10\mapcache\Debug\mapcache_manifest.rc
D:\Prestige Reborn Files\Server Files\raWmod\vcproj-10\mapcache\Debug\memmgr.obj
D:\Prestige Reborn Files\Server Files\raWmod\vcproj-10\mapcache\Debug\mt.command.1.tlog
D:\Prestige Reborn Files\Server Files\raWmod\vcproj-10\mapcache\Debug\mt.read.1.tlog
D:\Prestige Reborn Files\Server Files\raWmod\vcproj-10\mapcache\Debug\mt.write.1.tlog
D:\Prestige Reborn Files\Server Files\raWmod\vcproj-10\mapcache\Debug\nullpo.obj
D:\Prestige Reborn Files\Server Files\raWmod\vcproj-10\mapcache\Debug\rc.command.1.tlog
D:\Prestige Reborn Files\Server Files\raWmod\vcproj-10\mapcache\Debug\rc.read.1.tlog
D:\Prestige Reborn Files\Server Files\raWmod\vcproj-10\mapcache\Debug\rc.write.1.tlog
D:\Prestige Reborn Files\Server Files\raWmod\vcproj-10\mapcache\Debug\showmsg.obj
D:\Prestige Reborn Files\Server Files\raWmod\vcproj-10\mapcache\Debug\strlib.obj
D:\Prestige Reborn Files\Server Files\raWmod\vcproj-10\mapcache\Debug\sysinfo.obj
D:\Prestige Reborn Files\Server Files\raWmod\vcproj-10\mapcache\Debug\utils.obj
D:\Prestige Reborn Files\Server Files\raWmod\vcproj-10\mapcache\Debug\vc100.idb
D:\PRESTIGE REBORN FILES\SERVER FILES\RAWMOD\VCPROJ-10\MAPCACHE\DEBUG\VC100.PDB
