..\map-server.ilk
..\map-server.pdb
D:\PRESTIGE REBORN FILES\SERVER FILES\RAWMOD\MAP-SERVER.EXE
D:\Prestige Reborn Files\Server Files\raWmod\map-server.exp
D:\PRESTIGE REBORN FILES\SERVER FILES\RAWMOD\MAP-SERVER.ILK
D:\Prestige Reborn Files\Server Files\raWmod\map-server.lib
D:\PRESTIGE REBORN FILES\SERVER FILES\RAWMOD\MAP-SERVER.PDB
D:\Prestige Reborn Files\Server Files\raWmod\vcproj-10\..\map-server.exe
D:\Prestige Reborn Files\Server Files\raWmod\vcproj-10\map-server\Debug\atcommand.obj
D:\Prestige Reborn Files\Server Files\raWmod\vcproj-10\map-server\Debug\battle.obj
D:\Prestige Reborn Files\Server Files\raWmod\vcproj-10\map-server\Debug\battleground.obj
D:\Prestige Reborn Files\Server Files\raWmod\vcproj-10\map-server\Debug\buyingstore.obj
D:\Prestige Reborn Files\Server Files\raWmod\vcproj-10\map-server\Debug\channel.obj
D:\Prestige Reborn Files\Server Files\raWmod\vcproj-10\map-server\Debug\chat.obj
D:\Prestige Reborn Files\Server Files\raWmod\vcproj-10\map-server\Debug\chrif.obj
D:\Prestige Reborn Files\Server Files\raWmod\vcproj-10\map-server\Debug\CL.8508.read.1.tlog
D:\Prestige Reborn Files\Server Files\raWmod\vcproj-10\map-server\Debug\CL.8508.write.1.tlog
D:\Prestige Reborn Files\Server Files\raWmod\vcproj-10\map-server\Debug\CL.8636.read.1.tlog
D:\Prestige Reborn Files\Server Files\raWmod\vcproj-10\map-server\Debug\CL.8636.write.1.tlog
D:\Prestige Reborn Files\Server Files\raWmod\vcproj-10\map-server\Debug\CL.916.read.1.tlog
D:\Prestige Reborn Files\Server Files\raWmod\vcproj-10\map-server\Debug\CL.916.write.1.tlog
D:\Prestige Reborn Files\Server Files\raWmod\vcproj-10\map-server\Debug\CL.9408.read.1.tlog
D:\Prestige Reborn Files\Server Files\raWmod\vcproj-10\map-server\Debug\CL.9408.write.1.tlog
D:\Prestige Reborn Files\Server Files\raWmod\vcproj-10\map-server\Debug\CL.9532.read.1.tlog
D:\Prestige Reborn Files\Server Files\raWmod\vcproj-10\map-server\Debug\CL.9532.write.1.tlog
D:\Prestige Reborn Files\Server Files\raWmod\vcproj-10\map-server\Debug\CL.9876.read.1.tlog
D:\Prestige Reborn Files\Server Files\raWmod\vcproj-10\map-server\Debug\CL.9876.write.1.tlog
D:\Prestige Reborn Files\Server Files\raWmod\vcproj-10\map-server\Debug\CL.9884.read.1.tlog
D:\Prestige Reborn Files\Server Files\raWmod\vcproj-10\map-server\Debug\CL.9884.write.1.tlog
D:\Prestige Reborn Files\Server Files\raWmod\vcproj-10\map-server\Debug\CL.9948.read.1.tlog
D:\Prestige Reborn Files\Server Files\raWmod\vcproj-10\map-server\Debug\CL.9948.write.1.tlog
D:\Prestige Reborn Files\Server Files\raWmod\vcproj-10\map-server\Debug\cl.command.1.tlog
D:\Prestige Reborn Files\Server Files\raWmod\vcproj-10\map-server\Debug\CL.read.1.tlog
D:\Prestige Reborn Files\Server Files\raWmod\vcproj-10\map-server\Debug\cl.write.1.tlog
D:\Prestige Reborn Files\Server Files\raWmod\vcproj-10\map-server\Debug\clif.obj
D:\Prestige Reborn Files\Server Files\raWmod\vcproj-10\map-server\Debug\conf.obj
D:\Prestige Reborn Files\Server Files\raWmod\vcproj-10\map-server\Debug\console.obj
D:\Prestige Reborn Files\Server Files\raWmod\vcproj-10\map-server\Debug\core.obj
D:\Prestige Reborn Files\Server Files\raWmod\vcproj-10\map-server\Debug\date.obj
D:\Prestige Reborn Files\Server Files\raWmod\vcproj-10\map-server\Debug\db.obj
D:\Prestige Reborn Files\Server Files\raWmod\vcproj-10\map-server\Debug\des.obj
D:\Prestige Reborn Files\Server Files\raWmod\vcproj-10\map-server\Debug\duel.obj
D:\Prestige Reborn Files\Server Files\raWmod\vcproj-10\map-server\Debug\elemental.obj
D:\Prestige Reborn Files\Server Files\raWmod\vcproj-10\map-server\Debug\ers.obj
D:\Prestige Reborn Files\Server Files\raWmod\vcproj-10\map-server\Debug\grammar.obj
D:\Prestige Reborn Files\Server Files\raWmod\vcproj-10\map-server\Debug\grfio.obj
D:\Prestige Reborn Files\Server Files\raWmod\vcproj-10\map-server\Debug\guild.obj
D:\Prestige Reborn Files\Server Files\raWmod\vcproj-10\map-server\Debug\homunculus.obj
D:\Prestige Reborn Files\Server Files\raWmod\vcproj-10\map-server\Debug\HPM.obj
D:\Prestige Reborn Files\Server Files\raWmod\vcproj-10\map-server\Debug\HPMmap.obj
D:\Prestige Reborn Files\Server Files\raWmod\vcproj-10\map-server\Debug\instance.obj
D:\Prestige Reborn Files\Server Files\raWmod\vcproj-10\map-server\Debug\intif.obj
D:\Prestige Reborn Files\Server Files\raWmod\vcproj-10\map-server\Debug\irc-bot.obj
D:\Prestige Reborn Files\Server Files\raWmod\vcproj-10\map-server\Debug\itemdb.obj
D:\Prestige Reborn Files\Server Files\raWmod\vcproj-10\map-server\Debug\libconfig.obj
D:\Prestige Reborn Files\Server Files\raWmod\vcproj-10\map-server\Debug\link.9924.read.1.tlog
D:\Prestige Reborn Files\Server Files\raWmod\vcproj-10\map-server\Debug\link.9924.write.1.tlog
D:\Prestige Reborn Files\Server Files\raWmod\vcproj-10\map-server\Debug\link.9924-cvtres.read.1.tlog
D:\Prestige Reborn Files\Server Files\raWmod\vcproj-10\map-server\Debug\link.9924-cvtres.write.1.tlog
D:\Prestige Reborn Files\Server Files\raWmod\vcproj-10\map-server\Debug\link.command.1.tlog
D:\Prestige Reborn Files\Server Files\raWmod\vcproj-10\map-server\Debug\link.read.1.tlog
D:\Prestige Reborn Files\Server Files\raWmod\vcproj-10\map-server\Debug\link.write.1.tlog
D:\Prestige Reborn Files\Server Files\raWmod\vcproj-10\map-server\Debug\link-cvtres.read.1.tlog
D:\Prestige Reborn Files\Server Files\raWmod\vcproj-10\map-server\Debug\link-cvtres.write.1.tlog
D:\Prestige Reborn Files\Server Files\raWmod\vcproj-10\map-server\Debug\log.obj
D:\Prestige Reborn Files\Server Files\raWmod\vcproj-10\map-server\Debug\mail.obj
D:\Prestige Reborn Files\Server Files\raWmod\vcproj-10\map-server\Debug\map.obj
D:\Prestige Reborn Files\Server Files\raWmod\vcproj-10\map-server\Debug\mapindex.obj
D:\Prestige Reborn Files\Server Files\raWmod\vcproj-10\map-server\Debug\mapreg_sql.obj
D:\PRESTIGE REBORN FILES\SERVER FILES\RAWMOD\VCPROJ-10\MAP-SERVER\DEBUG\MAP-SERVER.EXE.EMBED.MANIFEST
D:\PRESTIGE REBORN FILES\SERVER FILES\RAWMOD\VCPROJ-10\MAP-SERVER\DEBUG\MAP-SERVER.EXE.EMBED.MANIFEST.RES
D:\PRESTIGE REBORN FILES\SERVER FILES\RAWMOD\VCPROJ-10\MAP-SERVER\DEBUG\MAP-SERVER.EXE.INTERMEDIATE.MANIFEST
D:\Prestige Reborn Files\Server Files\raWmod\vcproj-10\map-server\Debug\map-server.write.1.tlog
D:\Prestige Reborn Files\Server Files\raWmod\vcproj-10\map-server\Debug\map-server_manifest.rc
D:\Prestige Reborn Files\Server Files\raWmod\vcproj-10\map-server\Debug\md5calc.obj
D:\Prestige Reborn Files\Server Files\raWmod\vcproj-10\map-server\Debug\memmgr.obj
D:\Prestige Reborn Files\Server Files\raWmod\vcproj-10\map-server\Debug\mercenary.obj
D:\Prestige Reborn Files\Server Files\raWmod\vcproj-10\map-server\Debug\mob.obj
D:\Prestige Reborn Files\Server Files\raWmod\vcproj-10\map-server\Debug\mt.command.1.tlog
D:\Prestige Reborn Files\Server Files\raWmod\vcproj-10\map-server\Debug\mt.read.1.tlog
D:\Prestige Reborn Files\Server Files\raWmod\vcproj-10\map-server\Debug\mt.write.1.tlog
D:\Prestige Reborn Files\Server Files\raWmod\vcproj-10\map-server\Debug\mt19937ar.obj
D:\Prestige Reborn Files\Server Files\raWmod\vcproj-10\map-server\Debug\mutex.obj
D:\Prestige Reborn Files\Server Files\raWmod\vcproj-10\map-server\Debug\npc.obj
D:\Prestige Reborn Files\Server Files\raWmod\vcproj-10\map-server\Debug\npc_chat.obj
D:\Prestige Reborn Files\Server Files\raWmod\vcproj-10\map-server\Debug\nullpo.obj
D:\Prestige Reborn Files\Server Files\raWmod\vcproj-10\map-server\Debug\party.obj
D:\Prestige Reborn Files\Server Files\raWmod\vcproj-10\map-server\Debug\path.obj
D:\Prestige Reborn Files\Server Files\raWmod\vcproj-10\map-server\Debug\pc.obj
D:\Prestige Reborn Files\Server Files\raWmod\vcproj-10\map-server\Debug\pc_groups.obj
D:\Prestige Reborn Files\Server Files\raWmod\vcproj-10\map-server\Debug\pet.obj
D:\Prestige Reborn Files\Server Files\raWmod\vcproj-10\map-server\Debug\quest.obj
D:\Prestige Reborn Files\Server Files\raWmod\vcproj-10\map-server\Debug\random.obj
D:\Prestige Reborn Files\Server Files\raWmod\vcproj-10\map-server\Debug\rc.command.1.tlog
D:\Prestige Reborn Files\Server Files\raWmod\vcproj-10\map-server\Debug\rc.read.1.tlog
D:\Prestige Reborn Files\Server Files\raWmod\vcproj-10\map-server\Debug\rc.write.1.tlog
D:\Prestige Reborn Files\Server Files\raWmod\vcproj-10\map-server\Debug\scanctx.obj
D:\Prestige Reborn Files\Server Files\raWmod\vcproj-10\map-server\Debug\scanner.obj
D:\Prestige Reborn Files\Server Files\raWmod\vcproj-10\map-server\Debug\script.obj
D:\Prestige Reborn Files\Server Files\raWmod\vcproj-10\map-server\Debug\searchstore.obj
D:\Prestige Reborn Files\Server Files\raWmod\vcproj-10\map-server\Debug\showmsg.obj
D:\Prestige Reborn Files\Server Files\raWmod\vcproj-10\map-server\Debug\skill.obj
D:\Prestige Reborn Files\Server Files\raWmod\vcproj-10\map-server\Debug\socket.obj
D:\Prestige Reborn Files\Server Files\raWmod\vcproj-10\map-server\Debug\sql.obj
D:\Prestige Reborn Files\Server Files\raWmod\vcproj-10\map-server\Debug\status.obj
D:\Prestige Reborn Files\Server Files\raWmod\vcproj-10\map-server\Debug\storage.obj
D:\Prestige Reborn Files\Server Files\raWmod\vcproj-10\map-server\Debug\strbuf.obj
D:\Prestige Reborn Files\Server Files\raWmod\vcproj-10\map-server\Debug\strlib.obj
D:\Prestige Reborn Files\Server Files\raWmod\vcproj-10\map-server\Debug\sysinfo.obj
D:\Prestige Reborn Files\Server Files\raWmod\vcproj-10\map-server\Debug\thread.obj
D:\Prestige Reborn Files\Server Files\raWmod\vcproj-10\map-server\Debug\timer.obj
D:\Prestige Reborn Files\Server Files\raWmod\vcproj-10\map-server\Debug\trade.obj
D:\Prestige Reborn Files\Server Files\raWmod\vcproj-10\map-server\Debug\unit.obj
D:\Prestige Reborn Files\Server Files\raWmod\vcproj-10\map-server\Debug\utils.obj
D:\Prestige Reborn Files\Server Files\raWmod\vcproj-10\map-server\Debug\vc100.idb
D:\PRESTIGE REBORN FILES\SERVER FILES\RAWMOD\VCPROJ-10\MAP-SERVER\DEBUG\VC100.PDB
D:\Prestige Reborn Files\Server Files\raWmod\vcproj-10\map-server\Debug\vending.obj
