..\login-server.ilk
..\login-server.pdb
D:\PRESTIGE REBORN FILES\SERVER FILES\RAWMOD\LOGIN-SERVER.EXE
D:\Prestige Reborn Files\Server Files\raWmod\login-server.exp
D:\PRESTIGE REBORN FILES\SERVER FILES\RAWMOD\LOGIN-SERVER.ILK
D:\Prestige Reborn Files\Server Files\raWmod\login-server.lib
D:\PRESTIGE REBORN FILES\SERVER FILES\RAWMOD\LOGIN-SERVER.PDB
D:\Prestige Reborn Files\Server Files\raWmod\vcproj-10\..\login-server.exe
D:\Prestige Reborn Files\Server Files\raWmod\vcproj-10\login-server\Debug\account_sql.obj
D:\Prestige Reborn Files\Server Files\raWmod\vcproj-10\login-server\Debug\CL.4580.read.1.tlog
D:\Prestige Reborn Files\Server Files\raWmod\vcproj-10\login-server\Debug\CL.4580.write.1.tlog
D:\Prestige Reborn Files\Server Files\raWmod\vcproj-10\login-server\Debug\CL.4952.read.1.tlog
D:\Prestige Reborn Files\Server Files\raWmod\vcproj-10\login-server\Debug\CL.4952.write.1.tlog
D:\Prestige Reborn Files\Server Files\raWmod\vcproj-10\login-server\Debug\CL.6304.read.1.tlog
D:\Prestige Reborn Files\Server Files\raWmod\vcproj-10\login-server\Debug\CL.6304.write.1.tlog
D:\Prestige Reborn Files\Server Files\raWmod\vcproj-10\login-server\Debug\CL.7572.read.1.tlog
D:\Prestige Reborn Files\Server Files\raWmod\vcproj-10\login-server\Debug\CL.7572.write.1.tlog
D:\Prestige Reborn Files\Server Files\raWmod\vcproj-10\login-server\Debug\CL.8236.read.1.tlog
D:\Prestige Reborn Files\Server Files\raWmod\vcproj-10\login-server\Debug\CL.8236.write.1.tlog
D:\Prestige Reborn Files\Server Files\raWmod\vcproj-10\login-server\Debug\CL.8480.read.1.tlog
D:\Prestige Reborn Files\Server Files\raWmod\vcproj-10\login-server\Debug\CL.8480.write.1.tlog
D:\Prestige Reborn Files\Server Files\raWmod\vcproj-10\login-server\Debug\CL.9360.read.1.tlog
D:\Prestige Reborn Files\Server Files\raWmod\vcproj-10\login-server\Debug\CL.9360.write.1.tlog
D:\Prestige Reborn Files\Server Files\raWmod\vcproj-10\login-server\Debug\CL.9808.read.1.tlog
D:\Prestige Reborn Files\Server Files\raWmod\vcproj-10\login-server\Debug\CL.9808.write.1.tlog
D:\Prestige Reborn Files\Server Files\raWmod\vcproj-10\login-server\Debug\cl.command.1.tlog
D:\Prestige Reborn Files\Server Files\raWmod\vcproj-10\login-server\Debug\CL.read.1.tlog
D:\Prestige Reborn Files\Server Files\raWmod\vcproj-10\login-server\Debug\cl.write.1.tlog
D:\Prestige Reborn Files\Server Files\raWmod\vcproj-10\login-server\Debug\conf.obj
D:\Prestige Reborn Files\Server Files\raWmod\vcproj-10\login-server\Debug\console.obj
D:\Prestige Reborn Files\Server Files\raWmod\vcproj-10\login-server\Debug\core.obj
D:\Prestige Reborn Files\Server Files\raWmod\vcproj-10\login-server\Debug\db.obj
D:\Prestige Reborn Files\Server Files\raWmod\vcproj-10\login-server\Debug\des.obj
D:\Prestige Reborn Files\Server Files\raWmod\vcproj-10\login-server\Debug\ers.obj
D:\Prestige Reborn Files\Server Files\raWmod\vcproj-10\login-server\Debug\grammar.obj
D:\Prestige Reborn Files\Server Files\raWmod\vcproj-10\login-server\Debug\HPM.obj
D:\Prestige Reborn Files\Server Files\raWmod\vcproj-10\login-server\Debug\HPMlogin.obj
D:\Prestige Reborn Files\Server Files\raWmod\vcproj-10\login-server\Debug\ipban_sql.obj
D:\Prestige Reborn Files\Server Files\raWmod\vcproj-10\login-server\Debug\libconfig.obj
D:\Prestige Reborn Files\Server Files\raWmod\vcproj-10\login-server\Debug\link.8992.read.1.tlog
D:\Prestige Reborn Files\Server Files\raWmod\vcproj-10\login-server\Debug\link.8992.write.1.tlog
D:\Prestige Reborn Files\Server Files\raWmod\vcproj-10\login-server\Debug\link.8992-cvtres.read.1.tlog
D:\Prestige Reborn Files\Server Files\raWmod\vcproj-10\login-server\Debug\link.8992-cvtres.write.1.tlog
D:\Prestige Reborn Files\Server Files\raWmod\vcproj-10\login-server\Debug\link.command.1.tlog
D:\Prestige Reborn Files\Server Files\raWmod\vcproj-10\login-server\Debug\link.read.1.tlog
D:\Prestige Reborn Files\Server Files\raWmod\vcproj-10\login-server\Debug\link.write.1.tlog
D:\Prestige Reborn Files\Server Files\raWmod\vcproj-10\login-server\Debug\link-cvtres.read.1.tlog
D:\Prestige Reborn Files\Server Files\raWmod\vcproj-10\login-server\Debug\link-cvtres.write.1.tlog
D:\Prestige Reborn Files\Server Files\raWmod\vcproj-10\login-server\Debug\login.obj
D:\Prestige Reborn Files\Server Files\raWmod\vcproj-10\login-server\Debug\loginlog_sql.obj
D:\PRESTIGE REBORN FILES\SERVER FILES\RAWMOD\VCPROJ-10\LOGIN-SERVER\DEBUG\LOGIN-SERVER.EXE.EMBED.MANIFEST
D:\PRESTIGE REBORN FILES\SERVER FILES\RAWMOD\VCPROJ-10\LOGIN-SERVER\DEBUG\LOGIN-SERVER.EXE.EMBED.MANIFEST.RES
D:\PRESTIGE REBORN FILES\SERVER FILES\RAWMOD\VCPROJ-10\LOGIN-SERVER\DEBUG\LOGIN-SERVER.EXE.INTERMEDIATE.MANIFEST
D:\Prestige Reborn Files\Server Files\raWmod\vcproj-10\login-server\Debug\login-server.vcxprojResolveAssemblyReference.cache
D:\Prestige Reborn Files\Server Files\raWmod\vcproj-10\login-server\Debug\login-server.write.1.tlog
D:\Prestige Reborn Files\Server Files\raWmod\vcproj-10\login-server\Debug\login-server_manifest.rc
D:\Prestige Reborn Files\Server Files\raWmod\vcproj-10\login-server\Debug\md5calc.obj
D:\Prestige Reborn Files\Server Files\raWmod\vcproj-10\login-server\Debug\memmgr.obj
D:\Prestige Reborn Files\Server Files\raWmod\vcproj-10\login-server\Debug\mt.command.1.tlog
D:\Prestige Reborn Files\Server Files\raWmod\vcproj-10\login-server\Debug\mt.read.1.tlog
D:\Prestige Reborn Files\Server Files\raWmod\vcproj-10\login-server\Debug\mt.write.1.tlog
D:\Prestige Reborn Files\Server Files\raWmod\vcproj-10\login-server\Debug\mt19937ar.obj
D:\Prestige Reborn Files\Server Files\raWmod\vcproj-10\login-server\Debug\mutex.obj
D:\Prestige Reborn Files\Server Files\raWmod\vcproj-10\login-server\Debug\nullpo.obj
D:\Prestige Reborn Files\Server Files\raWmod\vcproj-10\login-server\Debug\random.obj
D:\Prestige Reborn Files\Server Files\raWmod\vcproj-10\login-server\Debug\rc.command.1.tlog
D:\Prestige Reborn Files\Server Files\raWmod\vcproj-10\login-server\Debug\rc.read.1.tlog
D:\Prestige Reborn Files\Server Files\raWmod\vcproj-10\login-server\Debug\rc.write.1.tlog
D:\Prestige Reborn Files\Server Files\raWmod\vcproj-10\login-server\Debug\scanctx.obj
D:\Prestige Reborn Files\Server Files\raWmod\vcproj-10\login-server\Debug\scanner.obj
D:\Prestige Reborn Files\Server Files\raWmod\vcproj-10\login-server\Debug\showmsg.obj
D:\Prestige Reborn Files\Server Files\raWmod\vcproj-10\login-server\Debug\socket.obj
D:\Prestige Reborn Files\Server Files\raWmod\vcproj-10\login-server\Debug\sql.obj
D:\Prestige Reborn Files\Server Files\raWmod\vcproj-10\login-server\Debug\strbuf.obj
D:\Prestige Reborn Files\Server Files\raWmod\vcproj-10\login-server\Debug\strlib.obj
D:\Prestige Reborn Files\Server Files\raWmod\vcproj-10\login-server\Debug\sysinfo.obj
D:\Prestige Reborn Files\Server Files\raWmod\vcproj-10\login-server\Debug\thread.obj
D:\Prestige Reborn Files\Server Files\raWmod\vcproj-10\login-server\Debug\timer.obj
D:\Prestige Reborn Files\Server Files\raWmod\vcproj-10\login-server\Debug\utils.obj
D:\Prestige Reborn Files\Server Files\raWmod\vcproj-10\login-server\Debug\vc100.idb
D:\PRESTIGE REBORN FILES\SERVER FILES\RAWMOD\VCPROJ-10\LOGIN-SERVER\DEBUG\VC100.PDB
