Build started 1/6/2016 12:33:55 AM.
     1>Project "C:\Users\WeDevGames\Desktop\Test Files\vcproj-10\plugin-HPMHooking_map.vcxproj" on node 3 (rebuild target(s)).
     1>_PrepareForClean:
         Deleting file "plugin-HPMHooking_map\Debug\plugin-HPMHooking_map.lastbuildstate".
       InitializeBuildStatus:
         Creating "plugin-HPMHooking_map\Debug\plugin-HPMHooking_map.unsuccessfulbuild" because "AlwaysCreate" was specified.
       ClCompile:
         C:\Program Files (x86)\Microsoft Visual Studio 10.0\VC\bin\CL.exe /c /I..\src /I..\3rdparty /I..\3rdparty\msinttypes\include /Zi /nologo /W3 /WX- /MP /Od /Oy- /D _DEBUG /D WIN32 /D _WINDOWS /D _USRDLL /D PCRE_SUPPORT /D HPMHOOKING_MAP /D _WINDLL /D _MBCS /Gm- /EHsc /RTC1 /MTd /GS /Gy /fp:precise /Zc:wchar_t /Zc:forScope /Fo"plugin-HPMHooking_map\Debug\\" /Fd"plugin-HPMHooking_map\Debug\vc100.pdb" /Gd /TC /wd4996 /analyze- /errorReport:prompt ..\src\plugins\HPMHooking.c /MP 
         HPMHooking.c
       Link:
         C:\Program Files (x86)\Microsoft Visual Studio 10.0\VC\bin\link.exe /ERRORREPORT:PROMPT /OUT:"..\plugins\HPMHooking_map.dll" /INCREMENTAL:NO /NOLOGO kernel32.lib user32.lib gdi32.lib winspool.lib comdlg32.lib advapi32.lib shell32.lib ole32.lib oleaut32.lib uuid.lib odbc32.lib odbccp32.lib /MANIFEST /ManifestFile:"plugin-HPMHooking_map\Debug\HPMHooking_map.dll.intermediate.manifest" /MANIFESTUAC:"level='asInvoker' uiAccess='false'" /DEBUG /PDB:"plugin-HPMHooking_map\Debug\HPMHooking_map.pdb" /TLBID:1 /DYNAMICBASE:NO /NXCOMPAT /IMPLIB:"plugin-HPMHooking_map\Debug\HPMHooking_map.lib" /MACHINE:X86 /DLL "plugin-HPMHooking_map\Debug\HPMHooking.obj"
            Creating library plugin-HPMHooking_map\Debug\HPMHooking_map.lib and object plugin-HPMHooking_map\Debug\HPMHooking_map.exp
         plugin-HPMHooking_map.vcxproj -> C:\Users\WeDevGames\Desktop\Test Files\vcproj-10\..\plugins\HPMHooking_map.dll
       Manifest:
         C:\Program Files (x86)\Microsoft SDKs\Windows\v7.0A\bin\mt.exe /nologo /verbose /outputresource:"..\plugins\HPMHooking_map.dll;#2" /manifest "plugin-HPMHooking_map\Debug\HPMHooking_map.dll.intermediate.manifest"
       CopyFilesToOutputDirectory:
         Copying file from "plugin-HPMHooking_map\Debug\HPMHooking_map.pdb" to "..\plugins\HPMHooking_map.pdb".
       FinalizeBuildStatus:
         Deleting file "plugin-HPMHooking_map\Debug\plugin-HPMHooking_map.unsuccessfulbuild".
         Touching "plugin-HPMHooking_map\Debug\plugin-HPMHooking_map.lastbuildstate".
     1>Done Building Project "C:\Users\WeDevGames\Desktop\Test Files\vcproj-10\plugin-HPMHooking_map.vcxproj" (rebuild target(s)).

Build succeeded.

Time Elapsed 00:00:08.58
